[debug] [2019-05-14T03:52:10.518Z] ----------------------------------------------------------------------
[debug] [2019-05-14T03:52:10.527Z] Command:       /Users/bayu/.nvm/versions/node/v10.15.0/bin/node /Users/bayu/.nvm/versions/node/v10.15.0/bin/firebase deploy
[debug] [2019-05-14T03:52:10.529Z] CLI Version:   6.9.2
[debug] [2019-05-14T03:52:10.529Z] Platform:      darwin
[debug] [2019-05-14T03:52:10.529Z] Node Version:  v10.15.0
[debug] [2019-05-14T03:52:10.543Z] Time:          Tue May 14 2019 10:52:10 GMT+0700 (Western Indonesia Time)
[debug] [2019-05-14T03:52:10.544Z] ----------------------------------------------------------------------
[debug] 
[debug] [2019-05-14T03:52:10.598Z] > command requires scopes: ["email","openid","https://www.googleapis.com/auth/cloudplatformprojects.readonly","https://www.googleapis.com/auth/firebase","https://www.googleapis.com/auth/cloud-platform"]
[debug] [2019-05-14T03:52:10.598Z] > authorizing via signed-in user
[debug] [2019-05-14T03:52:10.599Z] [iam] checking project backoffice-bayusyaits for permissions ["cloudfunctions.functions.create","cloudfunctions.functions.delete","cloudfunctions.functions.get","cloudfunctions.functions.list","cloudfunctions.functions.update","cloudfunctions.operations.get","firebase.projects.get","firebasehosting.sites.update","firebaserules.releases.create","firebaserules.releases.update","firebaserules.rulesets.create"]
[debug] [2019-05-14T03:52:10.603Z] > refreshing access token with scopes: ["email","https://www.googleapis.com/auth/cloud-platform","https://www.googleapis.com/auth/cloudplatformprojects.readonly","https://www.googleapis.com/auth/firebase","openid"]
[debug] [2019-05-14T03:52:10.603Z] >>> HTTP REQUEST POST https://www.googleapis.com/oauth2/v3/token  
 <request body omitted>
[debug] [2019-05-14T03:52:11.217Z] <<< HTTP RESPONSE 200
[debug] [2019-05-14T03:52:11.277Z] >>> HTTP REQUEST POST https://cloudresourcemanager.googleapis.com/v1/projects/backoffice-bayusyaits:testIamPermissions  

[debug] [2019-05-14T03:52:12.518Z] <<< HTTP RESPONSE 200
[debug] [2019-05-14T03:52:12.531Z] >>> HTTP REQUEST GET https://firebase.googleapis.com/v1beta1/projects/backoffice-bayusyaits  
 
[debug] [2019-05-14T03:52:12.921Z] <<< HTTP RESPONSE 200
[info] 
[info] === Deploying to 'backoffice-bayusyaits'...
[info] 
[info] i  deploying storage, functions, hosting
[info] Running command: npm --prefix "$RESOURCE_DIR" run lint
[info] ✔  functions: Finished running predeploy script.
[debug] [2019-05-14T03:52:31.132Z] >>> HTTP REQUEST GET https://appengine.googleapis.com/v1/apps/backoffice-bayusyaits  
 
[debug] [2019-05-14T03:52:32.681Z] <<< HTTP RESPONSE 200
[info] i  storage: checking storage.rules for compilation errors...
[debug] [2019-05-14T03:52:32.689Z] >>> HTTP REQUEST POST https://firebaserules.googleapis.com/v1/projects/backoffice-bayusyaits:test  

[debug] [2019-05-14T03:52:34.214Z] <<< HTTP RESPONSE 200
[info] ✔  storage: rules file storage.rules compiled successfully
[debug] [2019-05-14T03:52:34.220Z] > [functions] package.json contents: {
  "name": "functions",
  "description": "Cloud Functions for Firebase",
  "scripts": {
    "lint": "eslint .",
    "serve": "firebase serve --only functions",
    "shell": "firebase functions:shell",
    "start": "npm run shell",
    "deploy": "firebase deploy --only functions",
    "logs": "firebase functions:log"
  },
  "engines": {
    "node": "8"
  },
  "dependencies": {
    "firebase-admin": "~7.0.0",
    "firebase-functions": "^2.3.0"
  },
  "devDependencies": {
    "eslint": "^5.12.0",
    "eslint-plugin-promise": "^4.0.1",
    "firebase-functions-test": "^0.1.6"
  },
  "private": true
}
[info] i  functions: ensuring necessary APIs are enabled...
[debug] [2019-05-14T03:52:34.222Z] >>> HTTP REQUEST GET https://servicemanagement.googleapis.com/v1/services/cloudfunctions.googleapis.com/projectSettings/backoffice-bayusyaits?view=CONSUMER_VIEW  
 
[debug] [2019-05-14T03:52:34.225Z] >>> HTTP REQUEST GET https://servicemanagement.googleapis.com/v1/services/runtimeconfig.googleapis.com/projectSettings/backoffice-bayusyaits?view=CONSUMER_VIEW  
 
[debug] [2019-05-14T03:52:36.319Z] <<< HTTP RESPONSE 200
[debug] [2019-05-14T03:52:36.430Z] <<< HTTP RESPONSE 200
[info] ✔  functions: all necessary APIs are enabled
[debug] [2019-05-14T03:52:36.432Z] >>> HTTP REQUEST GET https://cloudresourcemanager.googleapis.com/v1/projects/backoffice-bayusyaits  
 
[debug] [2019-05-14T03:52:37.745Z] <<< HTTP RESPONSE 200
[debug] [2019-05-14T03:52:37.746Z] >>> HTTP REQUEST GET https://mobilesdk-pa.googleapis.com/v1/projects/549274727207:getServerAppConfig  
 
[debug] [2019-05-14T03:52:38.141Z] <<< HTTP RESPONSE 200
[debug] [2019-05-14T03:52:38.144Z] >>> HTTP REQUEST POST https://firebasehosting.googleapis.com/v1beta1/sites/backoffice-bayusyaits/versions  

[debug] [2019-05-14T03:52:49.642Z] <<< HTTP RESPONSE 503
[debug] [2019-05-14T03:52:49.642Z] <<< HTTP RESPONSE BODY
[error] 
[error] Error: HTTP Error: 503, The service is currently unavailable.
[debug] [2019-05-14T03:52:49.762Z] Error Context: {
  "body": {
    "error": {
      "code": 503,
      "message": "The service is currently unavailable.",
      "status": "UNAVAILABLE"
    }
  },
  "response": {
    "statusCode": 503,
    "body": {
      "error": {
        "code": 503,
        "message": "The service is currently unavailable.",
        "status": "UNAVAILABLE"
      }
    },
    "headers": {
      "vary": "X-Origin, Referer, Origin,Accept-Encoding",
      "content-type": "application/json; charset=UTF-8",
      "date": "Tue, 14 May 2019 03:52:49 GMT",
      "server": "ESF",
      "cache-control": "private",
      "x-xss-protection": "0",
      "x-frame-options": "SAMEORIGIN",
      "x-content-type-options": "nosniff",
      "alt-svc": "quic=\":443\"; ma=2592000; v=\"46,44,43,39\"",
      "accept-ranges": "none",
      "transfer-encoding": "chunked"
    },
    "request": {
      "uri": {
        "protocol": "https:",
        "slashes": true,
        "auth": null,
        "host": "firebasehosting.googleapis.com",
        "port": 443,
        "hostname": "firebasehosting.googleapis.com",
        "hash": null,
        "search": null,
        "query": null,
        "pathname": "/v1beta1/sites/backoffice-bayusyaits/versions",
        "path": "/v1beta1/sites/backoffice-bayusyaits/versions",
        "href": "https://firebasehosting.googleapis.com/v1beta1/sites/backoffice-bayusyaits/versions"
      },
      "method": "POST"
    }
  }
}
